#
# There is insufficient memory for the Java Runtime Environment to continue.
# Native memory allocation (malloc) failed to allocate 32744 bytes for ChunkPool::allocate
# Possible reasons:
#   The system is out of physical RAM or swap space
#   The process is running with CompressedOops enabled, and the Java Heap may be blocking the growth of the native heap
# Possible solutions:
#   Reduce memory load on the system
#   Increase physical memory or swap space
#   Check if swap backing store is full
#   Decrease Java heap size (-Xmx/-Xms)
#   Decrease number of Java threads
#   Decrease Java thread stack sizes (-Xss)
#   Set larger code cache with -XX:ReservedCodeCacheSize=
#   JVM is running with Unscaled Compressed Oops mode in which the Java heap is
#     placed in the first 4GB address space. The Java Heap base address is the
#     maximum limit for the native heap growth. Please use -XX:HeapBaseMinAddress
#     to set the Java Heap base and to place the Java Heap above 4GB virtual address.
# This output file may be truncated or incomplete.
#
#  Out of Memory Error (./src/hotspot/share/memory/arena.cpp:81), pid=14500, tid=8628
#
# JRE version: OpenJDK Runtime Environment JBR-11.0.12.7-1504.40-jcef (11.0.12+7) (build 11.0.12+7-b1504.40)
# Java VM: OpenJDK 64-Bit Server VM JBR-11.0.12.7-1504.40-jcef (11.0.12+7-b1504.40, mixed mode, tiered, compressed oops, g1 gc, windows-amd64)
# No core dump will be written. Minidumps are not enabled by default on client versions of Windows
#

---------------  S U M M A R Y ------------

Command Line: -Djava.rmi.server.hostname=127.0.0.1 -Duser.timezone=UTC -Xmx1009m -Xms128m -Dfile.encoding=UTF-8 com.intellij.database.remote.RemoteJdbcServer org.postgresql.Driver

Host: Intel(R) Core(TM) i7-8550U CPU @ 1.80GHz, 8 cores, 7G,  Windows 10 , 64 bit Build 22621 (10.0.22621.3958)
Time: Tue Nov 12 16:22:01 2024 Sri Lanka Standard Time elapsed time: 3858.646405 seconds (0d 1h 4m 18s)

---------------  T H R E A D  ---------------

Current thread (0x00000123705bd800):  JavaThread "C2 CompilerThread0" daemon [_thread_in_native, id=8628, stack(0x0000001fafb00000,0x0000001fafc00000)]


Current CompileTask:
C2:3858646 2141       4       java.io.ObjectOutputStream::writeClassDesc (60 bytes)

Stack: [0x0000001fafb00000,0x0000001fafc00000]
Native frames: (J=compiled Java code, j=interpreted, Vv=VM code, C=native code)
V  [jvm.dll+0x5ff40a]
V  [jvm.dll+0x783b65]
V  [jvm.dll+0x78517d]
V  [jvm.dll+0x785833]
V  [jvm.dll+0x249408]
V  [jvm.dll+0xc152b]
V  [jvm.dll+0xc17dc]
V  [jvm.dll+0xc13dc]
V  [jvm.dll+0x62c440]
V  [jvm.dll+0x63056e]
V  [jvm.dll+0x19eac8]
V  [jvm.dll+0x20209e]
V  [jvm.dll+0x201124]
V  [jvm.dll+0x18ae6c]
V  [jvm.dll+0x20fb97]
V  [jvm.dll+0x20e3c1]
V  [jvm.dll+0x74b88f]
V  [jvm.dll+0x744355]
V  [jvm.dll+0x5fe316]
C  [ucrtbase.dll+0x29333]
C  [KERNEL32.DLL+0x1257d]
C  [ntdll.dll+0x5af08]


---------------  P R O C E S S  ---------------

Threads class SMR info:
_java_thread_list=0x00000123721f7360, length=18, elements={
0x00000123566fe000, 0x00000123705a0800, 0x00000123705aa000, 0x0000012370f32800,
0x00000123705b9000, 0x00000123705bb800, 0x00000123705bd800, 0x00000123705c0800,
0x00000123705c4000, 0x0000012371091000, 0x0000012371463800, 0x00000123714d1800,
0x00000123714d2000, 0x00000123714d7000, 0x000001237167c000, 0x0000012371aab800,
0x0000012371757800, 0x00000123721bf000
}

Java Threads: ( => current thread )
  0x00000123566fe000 JavaThread "main" [_thread_blocked, id=6816, stack(0x0000001faef00000,0x0000001faf000000)]
  0x00000123705a0800 JavaThread "Reference Handler" daemon [_thread_blocked, id=6280, stack(0x0000001faf600000,0x0000001faf700000)]
  0x00000123705aa000 JavaThread "Finalizer" daemon [_thread_blocked, id=7556, stack(0x0000001faf700000,0x0000001faf800000)]
  0x0000012370f32800 JavaThread "Signal Dispatcher" daemon [_thread_blocked, id=9416, stack(0x0000001faf800000,0x0000001faf900000)]
  0x00000123705b9000 JavaThread "Attach Listener" daemon [_thread_blocked, id=11892, stack(0x0000001faf900000,0x0000001fafa00000)]
  0x00000123705bb800 JavaThread "Service Thread" daemon [_thread_blocked, id=14788, stack(0x0000001fafa00000,0x0000001fafb00000)]
=>0x00000123705bd800 JavaThread "C2 CompilerThread0" daemon [_thread_in_native, id=8628, stack(0x0000001fafb00000,0x0000001fafc00000)]
  0x00000123705c0800 JavaThread "C1 CompilerThread0" daemon [_thread_blocked, id=4528, stack(0x0000001fafc00000,0x0000001fafd00000)]
  0x00000123705c4000 JavaThread "Sweeper thread" daemon [_thread_blocked, id=14796, stack(0x0000001fafd00000,0x0000001fafe00000)]
  0x0000012371091000 JavaThread "Common-Cleaner" daemon [_thread_blocked, id=7028, stack(0x0000001faff00000,0x0000001fb0000000)]
  0x0000012371463800 JavaThread "RMI TCP Accept-63835" daemon [_thread_in_native, id=2988, stack(0x0000001fb0100000,0x0000001fb0200000)]
  0x00000123714d1800 JavaThread "RMI TCP Accept-0" daemon [_thread_in_native, id=7548, stack(0x0000001fb0200000,0x0000001fb0300000)]
  0x00000123714d2000 JavaThread "RMI Reaper" [_thread_blocked, id=4648, stack(0x0000001fb0300000,0x0000001fb0400000)]
  0x00000123714d7000 JavaThread "RMI GC Daemon" daemon [_thread_blocked, id=14376, stack(0x0000001fb0400000,0x0000001fb0500000)]
  0x000001237167c000 JavaThread "RMI TCP Connection(1)-127.0.0.1" daemon [_thread_in_native, id=3600, stack(0x0000001fb0500000,0x0000001fb0600000)]
  0x0000012371aab800 JavaThread "RMI Scheduler(0)" daemon [_thread_blocked, id=4988, stack(0x0000001fb0600000,0x0000001fb0700000)]
  0x0000012371757800 JavaThread "RMI TCP Connection(2)-127.0.0.1" daemon [_thread_in_native, id=13272, stack(0x0000001fb0700000,0x0000001fb0800000)]
  0x00000123721bf000 JavaThread "PostgreSQL-JDBC-Cleaner" daemon [_thread_blocked, id=2500, stack(0x0000001fb0900000,0x0000001fb0a00000)]

Other Threads:
  0x000001237057c800 VMThread "VM Thread" [stack: 0x0000001faf500000,0x0000001faf600000] [id=9664]
  0x0000012371083800 WatcherThread [stack: 0x0000001fafe00000,0x0000001faff00000] [id=9472]
  0x0000012356716000 GCTaskThread "GC Thread#0" [stack: 0x0000001faf000000,0x0000001faf100000] [id=13340]
  0x00000123721a9000 GCTaskThread "GC Thread#1" [stack: 0x0000001fb0a00000,0x0000001fb0b00000] [id=6176]
  0x00000123721a7800 GCTaskThread "GC Thread#2" [stack: 0x0000001fb0b00000,0x0000001fb0c00000] [id=13884]
  0x00000123721a5000 GCTaskThread "GC Thread#3" [stack: 0x0000001fb0c00000,0x0000001fb0d00000] [id=8496]
  0x0000012356733800 ConcurrentGCThread "G1 Main Marker" [stack: 0x0000001faf100000,0x0000001faf200000] [id=14004]
  0x0000012356736800 ConcurrentGCThread "G1 Conc#0" [stack: 0x0000001faf200000,0x0000001faf300000] [id=13668]
  0x00000123703f0800 ConcurrentGCThread "G1 Refine#0" [stack: 0x0000001faf300000,0x0000001faf400000] [id=10044]
  0x00000123703f1800 ConcurrentGCThread "G1 Young RemSet Sampling" [stack: 0x0000001faf400000,0x0000001faf500000] [id=1664]

Threads with active compile tasks:
C2 CompilerThread03858747 2141       4       java.io.ObjectOutputStream::writeClassDesc (60 bytes)

VM state:not at safepoint (normal execution)

VM Mutex/Monitor currently owned by a thread: None

Heap address: 0x00000000c0e00000, size: 1010 MB, Compressed Oops mode: 32-bit
Narrow klass base: 0x0000000000000000, Narrow klass shift: 3
Compressed class space size: 1073741824 Address: 0x0000000100000000

Heap:
 garbage-first heap   total 131072K, used 12418K [0x00000000c0e00000, 0x0000000100000000)
  region size 1024K, 8 young (8192K), 1 survivors (1024K)
 Metaspace       used 17969K, capacity 18648K, committed 18816K, reserved 1067008K
  class space    used 1822K, capacity 2066K, committed 2176K, reserved 1048576K
Heap Regions: E=young(eden), S=young(survivor), O=old, HS=humongous(starts), HC=humongous(continues), CS=collection set, F=free, A=archive, TAMS=top-at-mark-start (previous, next)
|   0|0x00000000c0e00000, 0x00000000c0f00000, 0x00000000c0f00000|100%|HS|  |TAMS 0x00000000c0e00000, 0x00000000c0e00000| Complete 
|   1|0x00000000c0f00000, 0x00000000c1000000, 0x00000000c1000000|100%| O|  |TAMS 0x00000000c0f00000, 0x00000000c0f00000| Untracked 
|   2|0x00000000c1000000, 0x00000000c1100000, 0x00000000c1100000|100%| O|  |TAMS 0x00000000c1000000, 0x00000000c1000000| Untracked 
|   3|0x00000000c1100000, 0x00000000c1200000, 0x00000000c1200000|100%| O|  |TAMS 0x00000000c1100000, 0x00000000c1100000| Untracked 
|   4|0x00000000c1200000, 0x00000000c1300000, 0x00000000c1300000|100%| O|  |TAMS 0x00000000c1200000, 0x00000000c1200000| Untracked 
|   5|0x00000000c1300000, 0x00000000c138a200, 0x00000000c1400000| 53%| O|  |TAMS 0x00000000c1300000, 0x00000000c1300000| Untracked 
|   6|0x00000000c1400000, 0x00000000c1400000, 0x00000000c1500000|  0%| F|  |TAMS 0x00000000c1400000, 0x00000000c1400000| Untracked 
|   7|0x00000000c1500000, 0x00000000c1500000, 0x00000000c1600000|  0%| F|  |TAMS 0x00000000c1500000, 0x00000000c1500000| Untracked 
|   8|0x00000000c1600000, 0x00000000c1600000, 0x00000000c1700000|  0%| F|  |TAMS 0x00000000c1600000, 0x00000000c1600000| Untracked 
|   9|0x00000000c1700000, 0x00000000c1700000, 0x00000000c1800000|  0%| F|  |TAMS 0x00000000c1700000, 0x00000000c1700000| Untracked 
|  10|0x00000000c1800000, 0x00000000c1800000, 0x00000000c1900000|  0%| F|  |TAMS 0x00000000c1800000, 0x00000000c1800000| Untracked 
|  11|0x00000000c1900000, 0x00000000c1900000, 0x00000000c1a00000|  0%| F|  |TAMS 0x00000000c1900000, 0x00000000c1900000| Untracked 
|  12|0x00000000c1a00000, 0x00000000c1a00000, 0x00000000c1b00000|  0%| F|  |TAMS 0x00000000c1a00000, 0x00000000c1a00000| Untracked 
|  13|0x00000000c1b00000, 0x00000000c1b00000, 0x00000000c1c00000|  0%| F|  |TAMS 0x00000000c1b00000, 0x00000000c1b00000| Untracked 
|  14|0x00000000c1c00000, 0x00000000c1c00000, 0x00000000c1d00000|  0%| F|  |TAMS 0x00000000c1c00000, 0x00000000c1c00000| Untracked 
|  15|0x00000000c1d00000, 0x00000000c1d00000, 0x00000000c1e00000|  0%| F|  |TAMS 0x00000000c1d00000, 0x00000000c1d00000| Untracked 
|  16|0x00000000c1e00000, 0x00000000c1e00000, 0x00000000c1f00000|  0%| F|  |TAMS 0x00000000c1e00000, 0x00000000c1e00000| Untracked 
|  17|0x00000000c1f00000, 0x00000000c1f00000, 0x00000000c2000000|  0%| F|  |TAMS 0x00000000c1f00000, 0x00000000c1f00000| Untracked 
|  18|0x00000000c2000000, 0x00000000c2000000, 0x00000000c2100000|  0%| F|  |TAMS 0x00000000c2000000, 0x00000000c2000000| Untracked 
|  19|0x00000000c2100000, 0x00000000c2100000, 0x00000000c2200000|  0%| F|  |TAMS 0x00000000c2100000, 0x00000000c2100000| Untracked 
|  20|0x00000000c2200000, 0x00000000c2200000, 0x00000000c2300000|  0%| F|  |TAMS 0x00000000c2200000, 0x00000000c2200000| Untracked 
|  21|0x00000000c2300000, 0x00000000c2300000, 0x00000000c2400000|  0%| F|  |TAMS 0x00000000c2300000, 0x00000000c2300000| Untracked 
|  22|0x00000000c2400000, 0x00000000c2400000, 0x00000000c2500000|  0%| F|  |TAMS 0x00000000c2400000, 0x00000000c2400000| Untracked 
|  23|0x00000000c2500000, 0x00000000c2500000, 0x00000000c2600000|  0%| F|  |TAMS 0x00000000c2500000, 0x00000000c2500000| Untracked 
|  24|0x00000000c2600000, 0x00000000c2600000, 0x00000000c2700000|  0%| F|  |TAMS 0x00000000c2600000, 0x00000000c2600000| Untracked 
|  25|0x00000000c2700000, 0x00000000c2700000, 0x00000000c2800000|  0%| F|  |TAMS 0x00000000c2700000, 0x00000000c2700000| Untracked 
|  26|0x00000000c2800000, 0x00000000c2800000, 0x00000000c2900000|  0%| F|  |TAMS 0x00000000c2800000, 0x00000000c2800000| Untracked 
|  27|0x00000000c2900000, 0x00000000c2900000, 0x00000000c2a00000|  0%| F|  |TAMS 0x00000000c2900000, 0x00000000c2900000| Untracked 
|  28|0x00000000c2a00000, 0x00000000c2a00000, 0x00000000c2b00000|  0%| F|  |TAMS 0x00000000c2a00000, 0x00000000c2a00000| Untracked 
|  29|0x00000000c2b00000, 0x00000000c2b00000, 0x00000000c2c00000|  0%| F|  |TAMS 0x00000000c2b00000, 0x00000000c2b00000| Untracked 
|  30|0x00000000c2c00000, 0x00000000c2c00000, 0x00000000c2d00000|  0%| F|  |TAMS 0x00000000c2c00000, 0x00000000c2c00000| Untracked 
|  31|0x00000000c2d00000, 0x00000000c2d00000, 0x00000000c2e00000|  0%| F|  |TAMS 0x00000000c2d00000, 0x00000000c2d00000| Untracked 
|  32|0x00000000c2e00000, 0x00000000c2e00000, 0x00000000c2f00000|  0%| F|  |TAMS 0x00000000c2e00000, 0x00000000c2e00000| Untracked 
|  33|0x00000000c2f00000, 0x00000000c2f00000, 0x00000000c3000000|  0%| F|  |TAMS 0x00000000c2f00000, 0x00000000c2f00000| Untracked 
|  34|0x00000000c3000000, 0x00000000c3000000, 0x00000000c3100000|  0%| F|  |TAMS 0x00000000c3000000, 0x00000000c3000000| Untracked 
|  35|0x00000000c3100000, 0x00000000c3100000, 0x00000000c3200000|  0%| F|  |TAMS 0x00000000c3100000, 0x00000000c3100000| Untracked 
|  36|0x00000000c3200000, 0x00000000c3200000, 0x00000000c3300000|  0%| F|  |TAMS 0x00000000c3200000, 0x00000000c3200000| Untracked 
|  37|0x00000000c3300000, 0x00000000c3300000, 0x00000000c3400000|  0%| F|  |TAMS 0x00000000c3300000, 0x00000000c3300000| Untracked 
|  38|0x00000000c3400000, 0x00000000c3400000, 0x00000000c3500000|  0%| F|  |TAMS 0x00000000c3400000, 0x00000000c3400000| Untracked 
|  39|0x00000000c3500000, 0x00000000c3500000, 0x00000000c3600000|  0%| F|  |TAMS 0x00000000c3500000, 0x00000000c3500000| Untracked 
|  40|0x00000000c3600000, 0x00000000c3600000, 0x00000000c3700000|  0%| F|  |TAMS 0x00000000c3600000, 0x00000000c3600000| Untracked 
|  41|0x00000000c3700000, 0x00000000c3700000, 0x00000000c3800000|  0%| F|  |TAMS 0x00000000c3700000, 0x00000000c3700000| Untracked 
|  42|0x00000000c3800000, 0x00000000c3800000, 0x00000000c3900000|  0%| F|  |TAMS 0x00000000c3800000, 0x00000000c3800000| Untracked 
|  43|0x00000000c3900000, 0x00000000c3900000, 0x00000000c3a00000|  0%| F|  |TAMS 0x00000000c3900000, 0x00000000c3900000| Untracked 
|  44|0x00000000c3a00000, 0x00000000c3a00000, 0x00000000c3b00000|  0%| F|  |TAMS 0x00000000c3a00000, 0x00000000c3a00000| Untracked 
|  45|0x00000000c3b00000, 0x00000000c3b00000, 0x00000000c3c00000|  0%| F|  |TAMS 0x00000000c3b00000, 0x00000000c3b00000| Untracked 
|  46|0x00000000c3c00000, 0x00000000c3c00000, 0x00000000c3d00000|  0%| F|  |TAMS 0x00000000c3c00000, 0x00000000c3c00000| Untracked 
|  47|0x00000000c3d00000, 0x00000000c3d00000, 0x00000000c3e00000|  0%| F|  |TAMS 0x00000000c3d00000, 0x00000000c3d00000| Untracked 
|  48|0x00000000c3e00000, 0x00000000c3e00000, 0x00000000c3f00000|  0%| F|  |TAMS 0x00000000c3e00000, 0x00000000c3e00000| Untracked 
|  49|0x00000000c3f00000, 0x00000000c3f00000, 0x00000000c4000000|  0%| F|  |TAMS 0x00000000c3f00000, 0x00000000c3f00000| Untracked 
|  50|0x00000000c4000000, 0x00000000c4000000, 0x00000000c4100000|  0%| F|  |TAMS 0x00000000c4000000, 0x00000000c4000000| Untracked 
|  51|0x00000000c4100000, 0x00000000c4100000, 0x00000000c4200000|  0%| F|  |TAMS 0x00000000c4100000, 0x00000000c4100000| Untracked 
|  52|0x00000000c4200000, 0x00000000c4200000, 0x00000000c4300000|  0%| F|  |TAMS 0x00000000c4200000, 0x00000000c4200000| Untracked 
|  53|0x00000000c4300000, 0x00000000c4300000, 0x00000000c4400000|  0%| F|  |TAMS 0x00000000c4300000, 0x00000000c4300000| Untracked 
|  54|0x00000000c4400000, 0x00000000c4400000, 0x00000000c4500000|  0%| F|  |TAMS 0x00000000c4400000, 0x00000000c4400000| Untracked 
|  55|0x00000000c4500000, 0x00000000c4500000, 0x00000000c4600000|  0%| F|  |TAMS 0x00000000c4500000, 0x00000000c4500000| Untracked 
|  56|0x00000000c4600000, 0x00000000c4600000, 0x00000000c4700000|  0%| F|  |TAMS 0x00000000c4600000, 0x00000000c4600000| Untracked 
|  57|0x00000000c4700000, 0x00000000c4700000, 0x00000000c4800000|  0%| F|  |TAMS 0x00000000c4700000, 0x00000000c4700000| Untracked 
|  58|0x00000000c4800000, 0x00000000c4800000, 0x00000000c4900000|  0%| F|  |TAMS 0x00000000c4800000, 0x00000000c4800000| Untracked 
|  59|0x00000000c4900000, 0x00000000c4900000, 0x00000000c4a00000|  0%| F|  |TAMS 0x00000000c4900000, 0x00000000c4900000| Untracked 
|  60|0x00000000c4a00000, 0x00000000c4a00000, 0x00000000c4b00000|  0%| F|  |TAMS 0x00000000c4a00000, 0x00000000c4a00000| Untracked 
|  61|0x00000000c4b00000, 0x00000000c4b00000, 0x00000000c4c00000|  0%| F|  |TAMS 0x00000000c4b00000, 0x00000000c4b00000| Untracked 
|  62|0x00000000c4c00000, 0x00000000c4c00000, 0x00000000c4d00000|  0%| F|  |TAMS 0x00000000c4c00000, 0x00000000c4c00000| Untracked 
|  63|0x00000000c4d00000, 0x00000000c4d00000, 0x00000000c4e00000|  0%| F|  |TAMS 0x00000000c4d00000, 0x00000000c4d00000| Untracked 
|  64|0x00000000c4e00000, 0x00000000c4e00000, 0x00000000c4f00000|  0%| F|  |TAMS 0x00000000c4e00000, 0x00000000c4e00000| Untracked 
|  65|0x00000000c4f00000, 0x00000000c4f00000, 0x00000000c5000000|  0%| F|  |TAMS 0x00000000c4f00000, 0x00000000c4f00000| Untracked 
|  66|0x00000000c5000000, 0x00000000c5000000, 0x00000000c5100000|  0%| F|  |TAMS 0x00000000c5000000, 0x00000000c5000000| Untracked 
|  67|0x00000000c5100000, 0x00000000c5100000, 0x00000000c5200000|  0%| F|  |TAMS 0x00000000c5100000, 0x00000000c5100000| Untracked 
|  68|0x00000000c5200000, 0x00000000c5200000, 0x00000000c5300000|  0%| F|  |TAMS 0x00000000c5200000, 0x00000000c5200000| Untracked 
|  69|0x00000000c5300000, 0x00000000c5300000, 0x00000000c5400000|  0%| F|  |TAMS 0x00000000c5300000, 0x00000000c5300000| Untracked 
|  70|0x00000000c5400000, 0x00000000c5400000, 0x00000000c5500000|  0%| F|  |TAMS 0x00000000c5400000, 0x00000000c5400000| Untracked 
|  71|0x00000000c5500000, 0x00000000c5500000, 0x00000000c5600000|  0%| F|  |TAMS 0x00000000c5500000, 0x00000000c5500000| Untracked 
|  72|0x00000000c5600000, 0x00000000c5600000, 0x00000000c5700000|  0%| F|  |TAMS 0x00000000c5600000, 0x00000000c5600000| Untracked 
|  73|0x00000000c5700000, 0x00000000c5700000, 0x00000000c5800000|  0%| F|  |TAMS 0x00000000c5700000, 0x00000000c5700000| Untracked 
|  74|0x00000000c5800000, 0x00000000c5800000, 0x00000000c5900000|  0%| F|  |TAMS 0x00000000c5800000, 0x00000000c5800000| Untracked 
|  75|0x00000000c5900000, 0x00000000c5900000, 0x00000000c5a00000|  0%| F|  |TAMS 0x00000000c5900000, 0x00000000c5900000| Untracked 
|  76|0x00000000c5a00000, 0x00000000c5a00000, 0x00000000c5b00000|  0%| F|  |TAMS 0x00000000c5a00000, 0x00000000c5a00000| Untracked 
|  77|0x00000000c5b00000, 0x00000000c5b00000, 0x00000000c5c00000|  0%| F|  |TAMS 0x00000000c5b00000, 0x00000000c5b00000| Untracked 
|  78|0x00000000c5c00000, 0x00000000c5c00000, 0x00000000c5d00000|  0%| F|  |TAMS 0x00000000c5c00000, 0x00000000c5c00000| Untracked 
|  79|0x00000000c5d00000, 0x00000000c5d00000, 0x00000000c5e00000|  0%| F|  |TAMS 0x00000000c5d00000, 0x00000000c5d00000| Untracked 
|  80|0x00000000c5e00000, 0x00000000c5e00000, 0x00000000c5f00000|  0%| F|  |TAMS 0x00000000c5e00000, 0x00000000c5e00000| Untracked 
|  81|0x00000000c5f00000, 0x00000000c5f00000, 0x00000000c6000000|  0%| F|  |TAMS 0x00000000c5f00000, 0x00000000c5f00000| Untracked 
|  82|0x00000000c6000000, 0x00000000c6000000, 0x00000000c6100000|  0%| F|  |TAMS 0x00000000c6000000, 0x00000000c6000000| Untracked 
|  83|0x00000000c6100000, 0x00000000c6100000, 0x00000000c6200000|  0%| F|  |TAMS 0x00000000c6100000, 0x00000000c6100000| Untracked 
|  84|0x00000000c6200000, 0x00000000c6200000, 0x00000000c6300000|  0%| F|  |TAMS 0x00000000c6200000, 0x00000000c6200000| Untracked 
|  85|0x00000000c6300000, 0x00000000c6300000, 0x00000000c6400000|  0%| F|  |TAMS 0x00000000c6300000, 0x00000000c6300000| Untracked 
|  86|0x00000000c6400000, 0x00000000c6400000, 0x00000000c6500000|  0%| F|  |TAMS 0x00000000c6400000, 0x00000000c6400000| Untracked 
|  87|0x00000000c6500000, 0x00000000c6500000, 0x00000000c6600000|  0%| F|  |TAMS 0x00000000c6500000, 0x00000000c6500000| Untracked 
|  88|0x00000000c6600000, 0x00000000c6600000, 0x00000000c6700000|  0%| F|  |TAMS 0x00000000c6600000, 0x00000000c6600000| Untracked 
|  89|0x00000000c6700000, 0x00000000c6700000, 0x00000000c6800000|  0%| F|  |TAMS 0x00000000c6700000, 0x00000000c6700000| Untracked 
|  90|0x00000000c6800000, 0x00000000c6800000, 0x00000000c6900000|  0%| F|  |TAMS 0x00000000c6800000, 0x00000000c6800000| Untracked 
|  91|0x00000000c6900000, 0x00000000c6900000, 0x00000000c6a00000|  0%| F|  |TAMS 0x00000000c6900000, 0x00000000c6900000| Untracked 
|  92|0x00000000c6a00000, 0x00000000c6a00000, 0x00000000c6b00000|  0%| F|  |TAMS 0x00000000c6a00000, 0x00000000c6a00000| Untracked 
|  93|0x00000000c6b00000, 0x00000000c6b00000, 0x00000000c6c00000|  0%| F|  |TAMS 0x00000000c6b00000, 0x00000000c6b00000| Untracked 
|  94|0x00000000c6c00000, 0x00000000c6c00000, 0x00000000c6d00000|  0%| F|  |TAMS 0x00000000c6c00000, 0x00000000c6c00000| Untracked 
|  95|0x00000000c6d00000, 0x00000000c6d00000, 0x00000000c6e00000|  0%| F|  |TAMS 0x00000000c6d00000, 0x00000000c6d00000| Untracked 
|  96|0x00000000c6e00000, 0x00000000c6e00000, 0x00000000c6f00000|  0%| F|  |TAMS 0x00000000c6e00000, 0x00000000c6e00000| Untracked 
|  97|0x00000000c6f00000, 0x00000000c6f00000, 0x00000000c7000000|  0%| F|  |TAMS 0x00000000c6f00000, 0x00000000c6f00000| Untracked 
|  98|0x00000000c7000000, 0x00000000c7000000, 0x00000000c7100000|  0%| F|  |TAMS 0x00000000c7000000, 0x00000000c7000000| Untracked 
|  99|0x00000000c7100000, 0x00000000c7100000, 0x00000000c7200000|  0%| F|  |TAMS 0x00000000c7100000, 0x00000000c7100000| Untracked 
| 100|0x00000000c7200000, 0x00000000c7200000, 0x00000000c7300000|  0%| F|  |TAMS 0x00000000c7200000, 0x00000000c7200000| Untracked 
| 101|0x00000000c7300000, 0x00000000c7300000, 0x00000000c7400000|  0%| F|  |TAMS 0x00000000c7300000, 0x00000000c7300000| Untracked 
| 102|0x00000000c7400000, 0x00000000c7400000, 0x00000000c7500000|  0%| F|  |TAMS 0x00000000c7400000, 0x00000000c7400000| Untracked 
| 103|0x00000000c7500000, 0x00000000c7500000, 0x00000000c7600000|  0%| F|  |TAMS 0x00000000c7500000, 0x00000000c7500000| Untracked 
| 104|0x00000000c7600000, 0x00000000c7600000, 0x00000000c7700000|  0%| F|  |TAMS 0x00000000c7600000, 0x00000000c7600000| Untracked 
| 105|0x00000000c7700000, 0x00000000c7700000, 0x00000000c7800000|  0%| F|  |TAMS 0x00000000c7700000, 0x00000000c7700000| Untracked 
| 106|0x00000000c7800000, 0x00000000c7896870, 0x00000000c7900000| 58%| S|CS|TAMS 0x00000000c7800000, 0x00000000c7800000| Complete 
| 107|0x00000000c7900000, 0x00000000c7900000, 0x00000000c7a00000|  0%| F|  |TAMS 0x00000000c7900000, 0x00000000c7900000| Untracked 
| 108|0x00000000c7a00000, 0x00000000c7a00000, 0x00000000c7b00000|  0%| F|  |TAMS 0x00000000c7a00000, 0x00000000c7a00000| Untracked 
| 109|0x00000000c7b00000, 0x00000000c7b00000, 0x00000000c7c00000|  0%| F|  |TAMS 0x00000000c7b00000, 0x00000000c7b00000| Untracked 
| 110|0x00000000c7c00000, 0x00000000c7c00000, 0x00000000c7d00000|  0%| F|  |TAMS 0x00000000c7c00000, 0x00000000c7c00000| Untracked 
| 111|0x00000000c7d00000, 0x00000000c7d00000, 0x00000000c7e00000|  0%| F|  |TAMS 0x00000000c7d00000, 0x00000000c7d00000| Untracked 
| 112|0x00000000c7e00000, 0x00000000c7e00000, 0x00000000c7f00000|  0%| F|  |TAMS 0x00000000c7e00000, 0x00000000c7e00000| Untracked 
| 113|0x00000000c7f00000, 0x00000000c7f00000, 0x00000000c8000000|  0%| F|  |TAMS 0x00000000c7f00000, 0x00000000c7f00000| Untracked 
| 114|0x00000000c8000000, 0x00000000c8000000, 0x00000000c8100000|  0%| F|  |TAMS 0x00000000c8000000, 0x00000000c8000000| Untracked 
| 115|0x00000000c8100000, 0x00000000c8100000, 0x00000000c8200000|  0%| F|  |TAMS 0x00000000c8100000, 0x00000000c8100000| Untracked 
| 116|0x00000000c8200000, 0x00000000c8200000, 0x00000000c8300000|  0%| F|  |TAMS 0x00000000c8200000, 0x00000000c8200000| Untracked 
| 117|0x00000000c8300000, 0x00000000c8300000, 0x00000000c8400000|  0%| F|  |TAMS 0x00000000c8300000, 0x00000000c8300000| Untracked 
| 118|0x00000000c8400000, 0x00000000c8400000, 0x00000000c8500000|  0%| F|  |TAMS 0x00000000c8400000, 0x00000000c8400000| Untracked 
| 119|0x00000000c8500000, 0x00000000c8500000, 0x00000000c8600000|  0%| F|  |TAMS 0x00000000c8500000, 0x00000000c8500000| Untracked 
| 120|0x00000000c8600000, 0x00000000c8600000, 0x00000000c8700000|  0%| F|  |TAMS 0x00000000c8600000, 0x00000000c8600000| Untracked 
| 121|0x00000000c8700000, 0x00000000c8780800, 0x00000000c8800000| 50%| E|  |TAMS 0x00000000c8700000, 0x00000000c8700000| Complete 
| 122|0x00000000c8800000, 0x00000000c8900000, 0x00000000c8900000|100%| E|CS|TAMS 0x00000000c8800000, 0x00000000c8800000| Complete 
| 123|0x00000000c8900000, 0x00000000c8a00000, 0x00000000c8a00000|100%| E|CS|TAMS 0x00000000c8900000, 0x00000000c8900000| Complete 
| 124|0x00000000c8a00000, 0x00000000c8b00000, 0x00000000c8b00000|100%| E|CS|TAMS 0x00000000c8a00000, 0x00000000c8a00000| Complete 
| 125|0x00000000c8b00000, 0x00000000c8c00000, 0x00000000c8c00000|100%| E|CS|TAMS 0x00000000c8b00000, 0x00000000c8b00000| Complete 
| 126|0x00000000c8c00000, 0x00000000c8d00000, 0x00000000c8d00000|100%| E|CS|TAMS 0x00000000c8c00000, 0x00000000c8c00000| Complete 
| 127|0x00000000c8d00000, 0x00000000c8e00000, 0x00000000c8e00000|100%| E|CS|TAMS 0x00000000c8d00000, 0x00000000c8d00000| Complete 

Card table byte_map: [0x000001236b770000,0x000001236b970000] _byte_map_base: 0x000001236b169000

Marking Bits (Prev, Next): (CMBitMap*) 0x000001235672ea78, (CMBitMap*) 0x000001235672eab0
 Prev Bits: [0x000001236bb70000, 0x000001236cb38000)
 Next Bits: [0x000001236cb40000, 0x000001236db08000)

Polling page: 0x00000123567d0000

Metaspace:

Usage:
  Non-class:     16.19 MB capacity,    15.77 MB ( 97%) used,   372.16 KB (  2%) free+waste,    62.88 KB ( <1%) overhead. 
      Class:      2.02 MB capacity,     1.78 MB ( 88%) used,   212.70 KB ( 10%) free+waste,    30.81 KB (  1%) overhead. 
       Both:     18.21 MB capacity,    17.55 MB ( 96%) used,   584.85 KB (  3%) free+waste,    93.69 KB ( <1%) overhead. 

Virtual space:
  Non-class space:       18.00 MB reserved,      16.25 MB ( 90%) committed 
      Class space:        1.00 GB reserved,       2.13 MB ( <1%) committed 
             Both:        1.02 GB reserved,      18.38 MB (  2%) committed 

Chunk freelists:
   Non-Class:  58.00 KB
       Class:  0 bytes
        Both:  58.00 KB

MaxMetaspaceSize: 17179869184.00 GB
CompressedClassSpaceSize: 1.00 GB
Initial GC threshold: 20.80 MB
Current GC threshold: 20.80 MB
CDS: off

CodeHeap 'non-profiled nmethods': size=120000Kb used=1008Kb max_used=1008Kb free=118991Kb
 bounds [0x00000123635d0000, 0x0000012363840000, 0x000001236ab00000]
CodeHeap 'profiled nmethods': size=120000Kb used=4455Kb max_used=4455Kb free=115544Kb
 bounds [0x000001235c0a0000, 0x000001235c500000, 0x00000123635d0000]
CodeHeap 'non-nmethods': size=5760Kb used=1218Kb max_used=1279Kb free=4541Kb
 bounds [0x000001235bb00000, 0x000001235bd70000, 0x000001235c0a0000]
 total_blobs=2628 nmethods=2138 adapters=403
 compilation: enabled
              stopped_count=0, restarted_count=0
 full_count=0

Compilation events (20 events):
Event: 3704.732 Thread 0x00000123705c0800 nmethod 2131 0x000001235c4f6010 code [0x000001235c4f6220, 0x000001235c4f68f8]
Event: 3740.772 Thread 0x00000123705c0800 2132   !   3       jdk.internal.reflect.GeneratedSerializationConstructorAccessor7::newInstance (49 bytes)
Event: 3740.772 Thread 0x00000123705c0800 nmethod 2132 0x000001235c4f6b10 code [0x000001235c4f6d00, 0x000001235c4f70e8]
Event: 3740.772 Thread 0x00000123705c0800 2133       3       java.rmi.dgc.Lease::<init> (15 bytes)
Event: 3740.772 Thread 0x00000123705c0800 nmethod 2133 0x000001235c4f7310 code [0x000001235c4f74c0, 0x000001235c4f7678]
Event: 3758.781 Thread 0x00000123705bd800 2134       4       java.io.ObjectOutputStream::writeShort (9 bytes)
Event: 3758.782 Thread 0x00000123705c0800 2135  s    3       sun.rmi.transport.DGCImpl$LeaseInfo::renew (21 bytes)
Event: 3758.782 Thread 0x00000123705c0800 nmethod 2135 0x000001235c4f7710 code [0x000001235c4f78c0, 0x000001235c4f7b98]
Event: 3758.783 Thread 0x00000123705bd800 nmethod 2134 0x00000123636cb790 code [0x00000123636cb920, 0x00000123636cba38]
Event: 3784.063 Thread 0x00000123705c0800 2136       1       org.postgresql.util.LazyCleaner::access$300 (5 bytes)
Event: 3784.063 Thread 0x00000123705c0800 nmethod 2136 0x00000123636cbb90 code [0x00000123636cbd40, 0x00000123636cbdd8]
Event: 3814.078 Thread 0x00000123705c0800 2137       1       org.postgresql.util.LazyCleaner::access$200 (5 bytes)
Event: 3814.079 Thread 0x00000123705c0800 nmethod 2137 0x00000123636cbe90 code [0x00000123636cc040, 0x00000123636cc0d8]
Event: 3853.634 Thread 0x00000123705c0800 2138   !   3       sun.rmi.transport.ObjectTable::unreferenced (64 bytes)
Event: 3853.636 Thread 0x00000123705c0800 nmethod 2138 0x000001235c4f7c90 code [0x000001235c4f7ee0, 0x000001235c4f89a8]
Event: 3853.636 Thread 0x00000123705c0800 2139   !   3       sun.rmi.transport.DGCImpl::unregisterTarget (52 bytes)
Event: 3853.637 Thread 0x00000123705c0800 nmethod 2139 0x000001235c4f8e90 code [0x000001235c4f9080, 0x000001235c4f95d8]
Event: 3857.890 Thread 0x00000123705c0800 2140       3       java.io.ObjectStreamClass::getSuperDesc (9 bytes)
Event: 3857.890 Thread 0x00000123705c0800 nmethod 2140 0x000001235c4f9810 code [0x000001235c4f99e0, 0x000001235c4f9c48]
Event: 3857.891 Thread 0x00000123705bd800 2141       4       java.io.ObjectOutputStream::writeClassDesc (60 bytes)

GC Heap History (4 events):
Event: 3.046 GC heap before
{Heap before GC invocations=0 (full 0):
 garbage-first heap   total 131072K, used 25600K [0x00000000c0e00000, 0x0000000100000000)
  region size 1024K, 24 young (24576K), 0 survivors (0K)
 Metaspace       used 16503K, capacity 17134K, committed 17408K, reserved 1064960K
  class space    used 1736K, capacity 1985K, committed 2048K, reserved 1048576K
}
Event: 3.052 GC heap after
{Heap after GC invocations=1 (full 0):
 garbage-first heap   total 131072K, used 5709K [0x00000000c0e00000, 0x0000000100000000)
  region size 1024K, 3 young (3072K), 3 survivors (3072K)
 Metaspace       used 16503K, capacity 17134K, committed 17408K, reserved 1064960K
  class space    used 1736K, capacity 1985K, committed 2048K, reserved 1048576K
}
Event: 2641.173 GC heap before
{Heap before GC invocations=1 (full 0):
 garbage-first heap   total 131072K, used 27213K [0x00000000c0e00000, 0x0000000100000000)
  region size 1024K, 24 young (24576K), 3 survivors (3072K)
 Metaspace       used 17931K, capacity 18576K, committed 18816K, reserved 1067008K
  class space    used 1821K, capacity 2064K, committed 2176K, reserved 1048576K
}
Event: 2641.184 GC heap after
{Heap after GC invocations=2 (full 0):
 garbage-first heap   total 131072K, used 6274K [0x00000000c0e00000, 0x0000000100000000)
  region size 1024K, 1 young (1024K), 1 survivors (1024K)
 Metaspace       used 17931K, capacity 18576K, committed 18816K, reserved 1067008K
  class space    used 1821K, capacity 2064K, committed 2176K, reserved 1048576K
}

Deoptimization events (20 events):
Event: 126.533 Thread 0x0000012371757800 Uncommon trap: trap_request=0xffffffc6 fr.pc=0x00000123636483a8 relative=0x0000000000000e08
Event: 126.533 Thread 0x0000012371757800 Uncommon trap: reason=bimorphic_or_optimized_type_check action=maybe_recompile pc=0x00000123636483a8 method=java.util.HashMap.putVal(ILjava/lang/Object;Ljava/lang/Object;ZZ)Ljava/lang/Object; @ 91 c2
Event: 126.533 Thread 0x0000012371757800 DEOPT PACKING pc=0x00000123636483a8 sp=0x0000001fb07fade0
Event: 126.533 Thread 0x0000012371757800 DEOPT UNPACKING pc=0x000001235bb4a1af sp=0x0000001fb07fad80 mode 2
Event: 126.533 Thread 0x0000012371757800 Uncommon trap: trap_request=0xffffffc6 fr.pc=0x00000123636483a8 relative=0x0000000000000e08
Event: 126.533 Thread 0x0000012371757800 Uncommon trap: reason=bimorphic_or_optimized_type_check action=maybe_recompile pc=0x00000123636483a8 method=java.util.HashMap.putVal(ILjava/lang/Object;Ljava/lang/Object;ZZ)Ljava/lang/Object; @ 91 c2
Event: 126.533 Thread 0x0000012371757800 DEOPT PACKING pc=0x00000123636483a8 sp=0x0000001fb07fade0
Event: 126.533 Thread 0x0000012371757800 DEOPT UNPACKING pc=0x000001235bb4a1af sp=0x0000001fb07fad80 mode 2
Event: 126.533 Thread 0x0000012371757800 Uncommon trap: trap_request=0xffffffc6 fr.pc=0x00000123636483a8 relative=0x0000000000000e08
Event: 126.533 Thread 0x0000012371757800 Uncommon trap: reason=bimorphic_or_optimized_type_check action=maybe_recompile pc=0x00000123636483a8 method=java.util.HashMap.putVal(ILjava/lang/Object;Ljava/lang/Object;ZZ)Ljava/lang/Object; @ 91 c2
Event: 126.533 Thread 0x0000012371757800 DEOPT PACKING pc=0x00000123636483a8 sp=0x0000001fb07fade0
Event: 126.533 Thread 0x0000012371757800 DEOPT UNPACKING pc=0x000001235bb4a1af sp=0x0000001fb07fad80 mode 2
Event: 126.603 Thread 0x0000012371757800 Uncommon trap: trap_request=0xffffff4d fr.pc=0x000001236364a278 relative=0x0000000000000058
Event: 126.603 Thread 0x0000012371757800 Uncommon trap: reason=unstable_if action=reinterpret pc=0x000001236364a278 method=java.lang.ref.ReferenceQueue.poll()Ljava/lang/ref/Reference; @ 4 c2
Event: 126.603 Thread 0x0000012371757800 DEOPT PACKING pc=0x000001236364a278 sp=0x0000001fb07fa350
Event: 126.603 Thread 0x0000012371757800 DEOPT UNPACKING pc=0x000001235bb4a1af sp=0x0000001fb07fa2e0 mode 2
Event: 162.429 Thread 0x0000012371757800 Uncommon trap: trap_request=0xffffff4d fr.pc=0x00000123636454f8 relative=0x0000000000000bb8
Event: 162.429 Thread 0x0000012371757800 Uncommon trap: reason=unstable_if action=reinterpret pc=0x00000123636454f8 method=java.util.concurrent.ConcurrentHashMap.addCount(JI)V @ 7 c2
Event: 162.429 Thread 0x0000012371757800 DEOPT PACKING pc=0x00000123636454f8 sp=0x0000001fb07fb8d0
Event: 162.429 Thread 0x0000012371757800 DEOPT UNPACKING pc=0x000001235bb4a1af sp=0x0000001fb07fb7b0 mode 2

Classes redefined (0 events):
No events

Internal exceptions (20 events):
Event: 1.238 Thread 0x00000123566fe000 Exception <a 'java/lang/NoSuchMethodError'{0x00000000c8469748}: 'java.lang.Object java.lang.invoke.DirectMethodHandle$Holder.invokeStatic(java.lang.Object, java.lang.Object, java.lang.Object, java.lang.Object, java.lang.Object, java.lang.Object, java.lang.Object, java.lang.Object, int, int, java.lang.Object)'> (0x00000000c8469748) thrown at [./src/hotspot/share/interpreter/linkResolver.cpp, line 773]
Event: 1.239 Thread 0x00000123566fe000 Exception <a 'java/lang/NoSuchMethodError'{0x00000000c8486758}: 'java.lang.Object java.lang.invoke.DirectMethodHandle$Holder.invokeStatic(java.lang.Object, java.lang.Object, java.lang.Object, java.lang.Object, java.lang.Object, java.lang.Object, java.lang.Object, java.lang.Object, int, int, java.lang.Object, java.lang.Object)'> (0x00000000c8486758) thrown at [./src/hotspot/share/interpreter/linkResolver.cpp, line 773]
Event: 1.248 Thread 0x00000123566fe000 Exception <a 'java/lang/NoSuchMethodError'{0x00000000c830adc8}: 'java.lang.Object java.lang.invoke.DirectMethodHandle$Holder.invokeStatic(java.lang.Object, java.lang.Object, java.lang.Object, java.lang.Object, int)'> (0x00000000c830adc8) thrown at [./src/hotspot/share/interpreter/linkResolver.cpp, line 773]
Event: 1.257 Thread 0x00000123566fe000 Exception <a 'java/lang/NoSuchMethodError'{0x00000000c83ce9b8}: 'java.lang.Object java.lang.invoke.DelegatingMethodHandle$Holder.reinvoke_L(java.lang.Object, java.lang.Object, long)'> (0x00000000c83ce9b8) thrown at [./src/hotspot/share/interpreter/linkResolver.cpp, line 773]
Event: 1.257 Thread 0x00000123566fe000 Exception <a 'java/lang/NoSuchMethodError'{0x00000000c83d1ba8}: 'java.lang.Object java.lang.invoke.Invokers$Holder.linkToTargetMethod(java.lang.Object, long, java.lang.Object)'> (0x00000000c83d1ba8) thrown at [./src/hotspot/share/interpreter/linkResolver.cpp, line 773]
Event: 1.269 Thread 0x000001237167c000 Exception <a 'java/lang/NoSuchMethodError'{0x00000000c8249600}: 'java.lang.Object java.lang.invoke.DelegatingMethodHandle$Holder.reinvoke_L(java.lang.Object, int, java.lang.Object)'> (0x00000000c8249600) thrown at [./src/hotspot/share/interpreter/linkResolver.cpp, line 773]
Event: 1.441 Thread 0x0000012371757800 Exception <a 'java/lang/NoSuchMethodError'{0x00000000c8127bc8}: <clinit>> (0x00000000c8127bc8) thrown at [./src/hotspot/share/prims/jni.cpp, line 1365]
Event: 1.597 Thread 0x0000012371757800 Exception <a 'java/lang/NoSuchMethodError'{0x00000000c7f357b8}: 'java.lang.Object java.lang.invoke.DirectMethodHandle$Holder.invokeVirtual(java.lang.Object, java.lang.Object, java.lang.Object, java.lang.Object)'> (0x00000000c7f357b8) thrown at [./src/hotspot/share/interpreter/linkResolver.cpp, line 773]
Event: 1.610 Thread 0x0000012371757800 Exception <a 'java/lang/NoSuchMethodError'{0x00000000c7fb1fa8}: 'int java.lang.invoke.DirectMethodHandle$Holder.invokeStaticInit(java.lang.Object, java.lang.Object, java.lang.Object, java.lang.Object)'> (0x00000000c7fb1fa8) thrown at [./src/hotspot/share/interpreter/linkResolver.cpp, line 773]
Event: 1.611 Thread 0x0000012371757800 Exception <a 'java/lang/IncompatibleClassChangeError'{0x00000000c7fbb5d0}: Found class java.lang.Object, but interface was expected> (0x00000000c7fbb5d0) thrown at [./src/hotspot/share/interpreter/linkResolver.cpp, line 839]
Event: 1.611 Thread 0x0000012371757800 Exception <a 'java/lang/NoSuchMethodError'{0x00000000c7fbe780}: 'void java.lang.invoke.DirectMethodHandle$Holder.invokeStaticInit(java.lang.Object, java.lang.Object)'> (0x00000000c7fbe780) thrown at [./src/hotspot/share/interpreter/linkResolver.cpp, line 773]
Event: 1.612 Thread 0x0000012371757800 Exception <a 'java/lang/NoSuchMethodError'{0x00000000c7fc5468}: 'int java.lang.invoke.DirectMethodHandle$Holder.invokeStaticInit(java.lang.Object, java.lang.Object)'> (0x00000000c7fc5468) thrown at [./src/hotspot/share/interpreter/linkResolver.cpp, line 773]
Event: 1.900 Thread 0x0000012371757800 Exception <a 'java/lang/NoSuchMethodError'{0x00000000c7eb8a00}: 'java.lang.Object java.lang.invoke.DirectMethodHandle$Holder.invokeStaticInit(java.lang.Object, java.lang.Object, java.lang.Object)'> (0x00000000c7eb8a00) thrown at [./src/hotspot/share/interpreter/linkResolver.cpp, line 773]
Event: 2.828 Thread 0x0000012371757800 Exception <a 'sun/nio/fs/WindowsException'{0x00000000c7bf2c00}> (0x00000000c7bf2c00) thrown at [./src/hotspot/share/prims/jni.cpp, line 615]
Event: 2.862 Thread 0x0000012371757800 Exception <a 'java/lang/NoSuchMethodError'{0x00000000c7bfa2f8}: 'int java.lang.invoke.DirectMethodHandle$Holder.invokeSpecialIFC(java.lang.Object, java.lang.Object, int)'> (0x00000000c7bfa2f8) thrown at [./src/hotspot/share/interpreter/linkResolver.cpp, line 773]
Event: 3.227 Thread 0x0000012371757800 Exception <a 'java/lang/NoSuchMethodError'{0x00000000c8a96940}: <clinit>> (0x00000000c8a96940) thrown at [./src/hotspot/share/prims/jni.cpp, line 1365]
Event: 3.271 Thread 0x0000012371757800 Exception <a 'java/lang/NoSuchMethodError'{0x00000000c891ac70}: <clinit>> (0x00000000c891ac70) thrown at [./src/hotspot/share/prims/jni.cpp, line 1365]
Event: 126.582 Thread 0x0000012371757800 Exception <a 'java/lang/NoSuchMethodError'{0x00000000c8501eb0}: <clinit>> (0x00000000c8501eb0) thrown at [./src/hotspot/share/prims/jni.cpp, line 1365]
Event: 126.608 Thread 0x0000012371757800 Exception <a 'java/lang/reflect/InvocationTargetException'{0x00000000c85516b8}> (0x00000000c85516b8) thrown at [./src/hotspot/share/runtime/reflection.cpp, line 1247]
Event: 126.610 Thread 0x0000012371757800 Exception <a 'java/lang/NoSuchMethodError'{0x00000000c8565fb8}: <clinit>> (0x00000000c8565fb8) thrown at [./src/hotspot/share/prims/jni.cpp, line 1365]

Events (20 events):
Event: 3537.310 Executing VM operation: RevokeBias
Event: 3537.310 Executing coalesced safepoint VM operation: RevokeBias
Event: 3537.310 Executing coalesced safepoint VM operation: RevokeBias done
Event: 3537.310 Executing VM operation: RevokeBias done
Event: 3537.310 Executing VM operation: RevokeBias
Event: 3537.310 Thread 0x00000123719bc800 Thread exited: 0x00000123719bc800
Event: 3537.310 Executing VM operation: RevokeBias done
Event: 3537.310 Executing VM operation: RevokeBias
Event: 3537.311 Executing coalesced safepoint VM operation: RevokeBias
Event: 3537.311 Executing coalesced safepoint VM operation: RevokeBias done
Event: 3537.311 Executing VM operation: RevokeBias done
Event: 3537.311 Thread 0x00000123719bf800 Thread exited: 0x00000123719bf800
Event: 3537.311 Thread 0x00000123719c3000 Thread exited: 0x00000123719c3000
Event: 3537.311 Executing VM operation: RevokeBias
Event: 3537.311 Executing VM operation: RevokeBias done
Event: 3537.311 Executing VM operation: RevokeBias
Event: 3537.311 Executing VM operation: RevokeBias done
Event: 3537.311 Executing VM operation: RevokeBias
Event: 3537.311 Executing VM operation: RevokeBias done
Event: 3537.311 Thread 0x00000123719bd800 Thread exited: 0x00000123719bd800


Dynamic libraries:
0x00007ff6387e0000 - 0x00007ff6387ea000 	F:\Program Files\JetBrains\IntelliJ IDEA 2021.2.3\jbr\bin\java.exe
0x00007ffd11330000 - 0x00007ffd11547000 	C:\WINDOWS\SYSTEM32\ntdll.dll
0x00007ffd0f930000 - 0x00007ffd0f9f4000 	C:\WINDOWS\System32\KERNEL32.DLL
0x00007ffd0e900000 - 0x00007ffd0ecb7000 	C:\WINDOWS\System32\KERNELBASE.dll
0x00007ffd0e640000 - 0x00007ffd0e751000 	C:\WINDOWS\System32\ucrtbase.dll
0x00007ffd09d30000 - 0x00007ffd09d49000 	F:\Program Files\JetBrains\IntelliJ IDEA 2021.2.3\jbr\bin\jli.dll
0x00007ffd0ad70000 - 0x00007ffd0ad87000 	F:\Program Files\JetBrains\IntelliJ IDEA 2021.2.3\jbr\bin\VCRUNTIME140.dll
0x00007ffd0f530000 - 0x00007ffd0f6df000 	C:\WINDOWS\System32\USER32.dll
0x00007ffd0e8d0000 - 0x00007ffd0e8f6000 	C:\WINDOWS\System32\win32u.dll
0x00007ffd04ce0000 - 0x00007ffd04f73000 	C:\WINDOWS\WinSxS\amd64_microsoft.windows.common-controls_6595b64144ccf1df_6.0.22621.3672_none_2713b9d173822955\COMCTL32.dll
0x00007ffd0fdd0000 - 0x00007ffd0fe77000 	C:\WINDOWS\System32\msvcrt.dll
0x00007ffd0fbc0000 - 0x00007ffd0fbe9000 	C:\WINDOWS\System32\GDI32.dll
0x00007ffd0ede0000 - 0x00007ffd0eef8000 	C:\WINDOWS\System32\gdi32full.dll
0x00007ffd0ed40000 - 0x00007ffd0edda000 	C:\WINDOWS\System32\msvcp_win.dll
0x00007ffd10720000 - 0x00007ffd10751000 	C:\WINDOWS\System32\IMM32.DLL
0x00007ffcd72a0000 - 0x00007ffcd733d000 	F:\Program Files\JetBrains\IntelliJ IDEA 2021.2.3\jbr\bin\msvcp140.dll
0x00007ffcbbeb0000 - 0x00007ffcbca08000 	F:\Program Files\JetBrains\IntelliJ IDEA 2021.2.3\jbr\bin\server\jvm.dll
0x00007ffd0f290000 - 0x00007ffd0f342000 	C:\WINDOWS\System32\ADVAPI32.dll
0x00007ffd0f770000 - 0x00007ffd0f818000 	C:\WINDOWS\System32\sechost.dll
0x00007ffd0ef00000 - 0x00007ffd0ef28000 	C:\WINDOWS\System32\bcrypt.dll
0x00007ffd0fa80000 - 0x00007ffd0fb94000 	C:\WINDOWS\System32\RPCRT4.dll
0x00007ffd0f920000 - 0x00007ffd0f928000 	C:\WINDOWS\System32\PSAPI.DLL
0x00007ffcf8580000 - 0x00007ffcf8589000 	C:\WINDOWS\SYSTEM32\WSOCK32.dll
0x00007ffd0a290000 - 0x00007ffd0a2c4000 	C:\WINDOWS\SYSTEM32\WINMM.dll
0x00007ffd0a9d0000 - 0x00007ffd0a9da000 	C:\WINDOWS\SYSTEM32\VERSION.dll
0x00007ffd0fa00000 - 0x00007ffd0fa71000 	C:\WINDOWS\System32\WS2_32.dll
0x00007ffd0d780000 - 0x00007ffd0d798000 	C:\WINDOWS\SYSTEM32\kernel.appcore.dll
0x00007ffd0ab90000 - 0x00007ffd0aba1000 	F:\Program Files\JetBrains\IntelliJ IDEA 2021.2.3\jbr\bin\verify.dll
0x00007ffcf9510000 - 0x00007ffcf9742000 	C:\WINDOWS\SYSTEM32\DBGHELP.DLL
0x00007ffd10390000 - 0x00007ffd1071e000 	C:\WINDOWS\System32\combase.dll
0x00007ffd0fcf0000 - 0x00007ffd0fdc7000 	C:\WINDOWS\System32\OLEAUT32.dll
0x00007ffcf8f20000 - 0x00007ffcf8f52000 	C:\WINDOWS\SYSTEM32\dbgcore.DLL
0x00007ffd0ecc0000 - 0x00007ffd0ed3b000 	C:\WINDOWS\System32\bcryptPrimitives.dll
0x00007ffd0aa20000 - 0x00007ffd0aa49000 	F:\Program Files\JetBrains\IntelliJ IDEA 2021.2.3\jbr\bin\java.dll
0x00007ffd0ab80000 - 0x00007ffd0ab8b000 	F:\Program Files\JetBrains\IntelliJ IDEA 2021.2.3\jbr\bin\jimage.dll
0x00007ffd079d0000 - 0x00007ffd079e8000 	F:\Program Files\JetBrains\IntelliJ IDEA 2021.2.3\jbr\bin\zip.dll
0x00007ffd10760000 - 0x00007ffd10fc9000 	C:\WINDOWS\System32\SHELL32.dll
0x00007ffd0c5c0000 - 0x00007ffd0cebf000 	C:\WINDOWS\SYSTEM32\windows.storage.dll
0x00007ffd0c480000 - 0x00007ffd0c5bf000 	C:\WINDOWS\SYSTEM32\wintypes.dll
0x00007ffd0f820000 - 0x00007ffd0f919000 	C:\WINDOWS\System32\SHCORE.dll
0x00007ffd0f0d0000 - 0x00007ffd0f12e000 	C:\WINDOWS\System32\shlwapi.dll
0x00007ffd0e570000 - 0x00007ffd0e597000 	C:\WINDOWS\SYSTEM32\profapi.dll
0x00007ffceb0c0000 - 0x00007ffceb0da000 	F:\Program Files\JetBrains\IntelliJ IDEA 2021.2.3\jbr\bin\net.dll
0x00007ffd0adb0000 - 0x00007ffd0aee6000 	C:\WINDOWS\SYSTEM32\WINHTTP.dll
0x00007ffd0dbf0000 - 0x00007ffd0dc59000 	C:\WINDOWS\system32\mswsock.dll
0x00007ffceb0a0000 - 0x00007ffceb0b4000 	F:\Program Files\JetBrains\IntelliJ IDEA 2021.2.3\jbr\bin\nio.dll
0x00007ffd0de50000 - 0x00007ffd0de6b000 	C:\WINDOWS\SYSTEM32\CRYPTSP.dll
0x00007ffd0d6e0000 - 0x00007ffd0d715000 	C:\WINDOWS\system32\rsaenh.dll
0x00007ffd0dce0000 - 0x00007ffd0dd08000 	C:\WINDOWS\SYSTEM32\USERENV.dll
0x00007ffd0de40000 - 0x00007ffd0de4c000 	C:\WINDOWS\SYSTEM32\CRYPTBASE.dll
0x00007ffd0d190000 - 0x00007ffd0d1bd000 	C:\WINDOWS\SYSTEM32\IPHLPAPI.DLL
0x00007ffd0f6e0000 - 0x00007ffd0f6e9000 	C:\WINDOWS\System32\NSI.dll
0x00007ffd0b0a0000 - 0x00007ffd0b0b9000 	C:\WINDOWS\SYSTEM32\dhcpcsvc6.DLL
0x00007ffd0a990000 - 0x00007ffd0a9af000 	C:\WINDOWS\SYSTEM32\dhcpcsvc.DLL
0x00007ffd0d200000 - 0x00007ffd0d302000 	C:\WINDOWS\SYSTEM32\DNSAPI.dll
0x00007ffcd83d0000 - 0x00007ffcd83d8000 	F:\Program Files\JetBrains\IntelliJ IDEA 2021.2.3\jbr\bin\rmi.dll
0x00007ffcfe230000 - 0x00007ffcfe23a000 	C:\Windows\System32\rasadhlp.dll
0x00007ffd09f80000 - 0x00007ffd0a003000 	C:\WINDOWS\System32\fwpuclnt.dll
0x00007ffd079c0000 - 0x00007ffd079ca000 	F:\Program Files\JetBrains\IntelliJ IDEA 2021.2.3\jbr\bin\management.dll
0x00007ffceae40000 - 0x00007ffceae4d000 	F:\Program Files\JetBrains\IntelliJ IDEA 2021.2.3\jbr\bin\management_ext.dll
0x00007ffceadc0000 - 0x00007ffceade8000 	F:\Program Files\JetBrains\IntelliJ IDEA 2021.2.3\jbr\bin\sunec.dll

dbghelp: loaded successfully - version: 4.0.5 - missing functions: none
symbol engine: initialized successfully - sym options: 0x614 - pdb path: .;F:\Program Files\JetBrains\IntelliJ IDEA 2021.2.3\jbr\bin;C:\WINDOWS\SYSTEM32;C:\WINDOWS\WinSxS\amd64_microsoft.windows.common-controls_6595b64144ccf1df_6.0.22621.3672_none_2713b9d173822955;F:\Program Files\JetBrains\IntelliJ IDEA 2021.2.3\jbr\bin\server

VM Arguments:
jvm_args: -Djava.rmi.server.hostname=127.0.0.1 -Duser.timezone=UTC -Xmx1009m -Xms128m -Dfile.encoding=UTF-8 
java_command: com.intellij.database.remote.RemoteJdbcServer org.postgresql.Driver
java_class_path (initial): F:\Program Files\JetBrains\IntelliJ IDEA 2021.2.3\lib\util.jar;F:\Program Files\JetBrains\IntelliJ IDEA 2021.2.3\lib\groovy-2.5.14.jar;F:\Program Files\JetBrains\IntelliJ IDEA 2021.2.3\plugins\DatabaseTools\lib\jdbc-console.jar;C:\Users\Chathura Karunarathn\AppData\Roaming\JetBrains\IntelliJIdea2021.2\jdbc-drivers\PostgreSQL\42.6.0\org\postgresql\postgresql\42.6.0\postgresql-42.6.0.jar;C:\Users\Chathura Karunarathn\AppData\Roaming\JetBrains\IntelliJIdea2021.2\jdbc-drivers\PostgreSQL\42.6.0\org\checkerframework\checker-qual\3.31.0\checker-qual-3.31.0.jar;C:\Users\Chathura Karunarathn\AppData\Roaming\JetBrains\IntelliJIdea2021.2\jdbc-drivers\PostgreSQL\42.6.0\com\github\waffle\waffle-jna\1.9.1\waffle-jna-1.9.1.jar;C:\Users\Chathura Karunarathn\AppData\Roaming\JetBrains\IntelliJIdea2021.2\jdbc-drivers\PostgreSQL\42.6.0\net\java\dev\jna\jna\4.5.1\jna-4.5.1.jar;C:\Users\Chathura Karunarathn\AppData\Roaming\JetBrains\IntelliJIdea2021.2\jdbc-drivers\PostgreSQL\42.6.0\net\java\dev\jna\jna-platform\4.5.1\jna-platform-4.5.1.jar;C:\Users\Chathura Karunarathn\AppData\Roaming\JetBrains\IntelliJIdea2021.2\jdbc-drivers\PostgreSQL\42.6.0\org\slf4j\jcl-over-slf4j\1.7.25\jcl-over-slf4j-1.7.25.jar;C:\Users\Chathura Karunarathn\AppData\Roaming\JetBrains\IntelliJIdea2021.2\jdbc-drivers\PostgreSQL\42.6.0\org\slf4j\slf4j-api\1.7.25\slf4j-api-1.7.25.jar;C:\Users\Chathura Karunarathn\AppData\Roaming\JetBrains\IntelliJIdea2021.2\jdbc-drivers\PostgreSQL\42.6.0\com\github\ben-manes\caffeine\caffeine\2.6.2\caffeine-2.6.2.jar
Launcher Type: SUN_STANDARD

[Global flags]
     intx CICompilerCount                          = 4                                         {product} {ergonomic}
     uint ConcGCThreads                            = 2                                         {product} {ergonomic}
     uint G1ConcRefinementThreads                  = 8                                         {product} {ergonomic}
   size_t G1HeapRegionSize                         = 1048576                                   {product} {ergonomic}
    uintx GCDrainStackTargetSize                   = 64                                        {product} {ergonomic}
   size_t InitialHeapSize                          = 134217728                                 {product} {command line}
   size_t MarkStackSize                            = 4194304                                   {product} {ergonomic}
   size_t MaxHeapSize                              = 1059061760                                {product} {command line, ergonomic}
   size_t MaxNewSize                               = 635437056                                 {product} {ergonomic}
   size_t MinHeapDeltaBytes                        = 1048576                                   {product} {ergonomic}
    uintx NonNMethodCodeHeapSize                   = 5836300                                {pd product} {ergonomic}
    uintx NonProfiledCodeHeapSize                  = 122910970                              {pd product} {ergonomic}
    uintx ProfiledCodeHeapSize                     = 122910970                              {pd product} {ergonomic}
    uintx ReservedCodeCacheSize                    = 251658240                              {pd product} {ergonomic}
     bool SegmentedCodeCache                       = true                                      {product} {ergonomic}
     bool UseCompressedClassPointers               = true                                 {lp64_product} {ergonomic}
     bool UseCompressedOops                        = true                                 {lp64_product} {ergonomic}
     bool UseG1GC                                  = true                                      {product} {ergonomic}
     bool UseLargePagesIndividualAllocation        = false                                  {pd product} {ergonomic}

Logging:
Log output configuration:
 #0: stdout all=warning uptime,level,tags
 #1: stderr all=off uptime,level,tags

Environment Variables:
JAVA_HOME=C:\Program Files\Amazon Corretto\jdk11.0.21_9
PATH=C:\Program Files\Amazon Corretto\jdk11.0.21_9\bin;C:\Program Files\Common Files\Oracle\Java\javapath;C:\WINDOWS\system32;C:\WINDOWS;C:\WINDOWS\System32\Wbem;C:\WINDOWS\System32\WindowsPowerShell\v1.0\;C:\WINDOWS\System32\OpenSSH\;C:\Program Files\Java\jdk-21\bin;C:\Program Files\nodejs\;C:\Program Files\Git\cmd;C:\Program Files\MySQL\MySQL Shell 8.0\bin\;C:\Users\Chathura Karunarathn\AppData\Local\Microsoft\WindowsApps;C:\Users\Chathura Karunarathn\AppData\Roaming\npm;F:\Programs\Microsoft VS Code\bin
USERNAME=Chathura Karunarathn
OS=Windows_NT
PROCESSOR_IDENTIFIER=Intel64 Family 6 Model 142 Stepping 10, GenuineIntel



---------------  S Y S T E M  ---------------

OS: Windows 10 , 64 bit Build 22621 (10.0.22621.3958)
OS uptime: 0 days 13:30 hours

CPU:total 8 (initial active 8) (4 cores per cpu, 2 threads per core) family 6 model 142 stepping 10 microcode 0xe0, cmov, cx8, fxsr, mmx, sse, sse2, sse3, ssse3, sse4.1, sse4.2, popcnt, avx, avx2, aes, clmul, erms, 3dnowpref, lzcnt, ht, tsc, tscinvbit, bmi1, bmi2, adx, fma

Memory: 4k page, system-wide physical 8074M (493M free)
TotalPageFile size 12170M (AvailPageFile size 5M)
current process WorkingSet (physical memory assigned to process): 94M, peak: 126M
current process commit charge ("private bytes"): 255M, peak: 261M

vm_info: OpenJDK 64-Bit Server VM (11.0.12+7-b1504.40) for windows-amd64 JRE (11.0.12+7-b1504.40), built on Sep 23 2021 14:38:03 by "" with MS VC++ 14.0 (VS2015)

END.
